<?xml version="1.0" encoding="UTF-8"?>
<!-- Generated by org.testng.reporters.JUnitReportReporter -->
<testsuite hostname="AKHILESG-IN" name="TestCases.FacebookLogin" tests="1" failures="0" timestamp="29 Aug 2020 08:41:57 GMT" time="50.580" errors="0">
  <testcase name="testLogin" time="50.580" classname="TestCases.FacebookLogin"/>
</testsuite> <!-- TestCases.FacebookLogin -->
