<?xml version="1.0" encoding="UTF-8"?>
<!-- Generated by org.testng.reporters.JUnitReportReporter -->
<testsuite hostname="AKHILESG-IN" name="Core.BaseTest" tests="1" failures="0" timestamp="29 Aug 2020 08:23:44 GMT" time="4.720" errors="0">
  <testcase name="init" time="4.720" classname="Core.BaseTest"/>
</testsuite> <!-- Core.BaseTest -->
