<?xml version="1.0" encoding="UTF-8"?>
<!-- Generated by org.testng.reporters.JUnitReportReporter -->
<testsuite hostname="AKHILESG-IN" name="TestCases.FacebookLoginTestCase" tests="1" failures="0" timestamp="6 Sep 2020 08:26:01 GMT" time="22.951" errors="0">
  <testcase name="testInvalidLogin" time="22.951" classname="TestCases.FacebookLoginTestCase"/>
</testsuite> <!-- TestCases.FacebookLoginTestCase -->
